{"level":"fatal","message":"GET en /loggertest - at 13/3/2024 - 13:04:43"}
{"level":"error","message":"GET en /loggertest - at 13/3/2024 - 13:04:43"}
{"level":"warning","message":"GET en /loggertest - at 13/3/2024 - 13:04:43"}
{"level":"fatal","message":"GET en /loggertest - at 13/3/2024 - 13:05:44"}
{"level":"error","message":"GET en /loggertest - at 13/3/2024 - 13:05:44"}
{"level":"warning","message":"GET en /loggertest - at 13/3/2024 - 13:05:44"}
{"level":"warning","message":"Warn logger test"}
{"level":"error","message":"Error logger test"}
{"level":"fatal","message":"Fatal logger test"}
{"level":"fatal","message":"GET en /loggertest - at 13/3/2024 - 13:07:15"}
{"level":"error","message":"GET en /loggertest - at 13/3/2024 - 13:07:15"}
{"level":"warning","message":"GET en /loggertest - at 13/3/2024 - 13:07:15"}
{"level":"warning","message":"Warn logger test"}
{"level":"error","message":"Error logger test"}
{"level":"fatal","message":"Fatal logger test"}
{"level":"fatal","message":"GET en /loggertest - at 13/3/2024 - 13:08:03"}
{"level":"error","message":"GET en /loggertest - at 13/3/2024 - 13:08:03"}
{"level":"warning","message":"GET en /loggertest - at 13/3/2024 - 13:08:03"}
{"level":"fatal","message":"GET en /loggertest - at 13/3/2024 - 13:08:03"}
{"level":"error","message":"GET en /loggertest - at 13/3/2024 - 13:08:03"}
{"level":"warning","message":"GET en /loggertest - at 13/3/2024 - 13:08:03"}
{"level":"warning","message":"Warn logger test"}
{"level":"error","message":"Error logger test"}
{"level":"fatal","message":"Fatal logger test"}
{"level":"fatal","message":"GET en /favicon.ico - at 13/3/2024 - 13:08:04"}
{"level":"error","message":"GET en /favicon.ico - at 13/3/2024 - 13:08:04"}
{"level":"warning","message":"GET en /favicon.ico - at 13/3/2024 - 13:08:04"}
{"level":"fatal","message":"GET en /favicon.ico - at 13/3/2024 - 13:08:31"}
{"level":"error","message":"GET en /favicon.ico - at 13/3/2024 - 13:08:31"}
{"level":"warning","message":"GET en /favicon.ico - at 13/3/2024 - 13:08:31"}
{"level":"fatal","message":"GET en /loggertest - at 13/3/2024 - 13:27:01"}
{"level":"error","message":"GET en /loggertest - at 13/3/2024 - 13:27:01"}
{"level":"warning","message":"GET en /loggertest - at 13/3/2024 - 13:27:01"}
{"level":"fatal","message":"GET en /loggertest - at 13/3/2024 - 13:27:01"}
{"level":"error","message":"GET en /loggertest - at 13/3/2024 - 13:27:01"}
{"level":"warning","message":"GET en /loggertest - at 13/3/2024 - 13:27:01"}
{"level":"warning","message":"Warn logger test"}
{"level":"error","message":"Error logger test"}
{"level":"fatal","message":"Fatal logger test"}
{"level":"fatal","message":"GET en /loggertest - at 13/3/2024 - 13:30:56"}
{"level":"error","message":"GET en /loggertest - at 13/3/2024 - 13:30:56"}
{"level":"warning","message":"GET en /loggertest - at 13/3/2024 - 13:30:56"}
{"level":"fatal","message":"GET en /loggertest - at 13/3/2024 - 13:30:56"}
{"level":"error","message":"GET en /loggertest - at 13/3/2024 - 13:30:56"}
{"level":"warning","message":"GET en /loggertest - at 13/3/2024 - 13:30:56"}
{"level":"warning","message":"Warn logger test"}
{"level":"error","message":"Error logger test"}
{"level":"fatal","message":"Fatal logger test"}
{"level":"fatal","message":"GET en /loggertest - at 13/3/2024 - 13:36:49"}
{"level":"error","message":"GET en /loggertest - at 13/3/2024 - 13:36:49"}
{"level":"warning","message":"GET en /loggertest - at 13/3/2024 - 13:36:49"}
{"level":"fatal","message":"GET en /loggertest - at 13/3/2024 - 13:36:49"}
{"level":"error","message":"GET en /loggertest - at 13/3/2024 - 13:36:49"}
{"level":"warning","message":"GET en /loggertest - at 13/3/2024 - 13:36:49"}
{"level":"warning","message":"Warn logger test"}
{"level":"error","message":"Error logger test"}
{"level":"fatal","message":"Fatal logger test"}
{"level":"fatal","message":"GET en /loggertest - at 13/3/2024 - 13:52:08"}
{"level":"error","message":"GET en /loggertest - at 13/3/2024 - 13:52:08"}
{"level":"warning","message":"GET en /loggertest - at 13/3/2024 - 13:52:08"}
{"level":"fatal","message":"GET en /loggertest - at 13/3/2024 - 13:52:08"}
{"level":"error","message":"GET en /loggertest - at 13/3/2024 - 13:52:08"}
{"level":"warning","message":"GET en /loggertest - at 13/3/2024 - 13:52:08"}
{"level":"warning","message":"Warn logger test"}
{"level":"error","message":"Error logger test"}
{"level":"fatal","message":"Fatal logger test"}
{"level":"fatal","message":"GET en /loggertest - at 13/3/2024 - 13:52:36"}
{"level":"error","message":"GET en /loggertest - at 13/3/2024 - 13:52:36"}
{"level":"warning","message":"GET en /loggertest - at 13/3/2024 - 13:52:36"}
{"level":"warning","message":"Warn logger test"}
{"level":"error","message":"Error logger test"}
{"level":"fatal","message":"Fatal logger test"}
fatal: GET en /loggertest - at 13/3/2024 - 13:54:40
error: GET en /loggertest - at 13/3/2024 - 13:54:40
warning: GET en /loggertest - at 13/3/2024 - 13:54:40
warning: Warn logger test
error: Error logger test
fatal: Fatal logger test
{"level":"fatal","message":"GET en /loggertest - at 13/3/2024 - 13:56:19"}
{"level":"error","message":"GET en /loggertest - at 13/3/2024 - 13:56:19"}
{"level":"warning","message":"GET en /loggertest - at 13/3/2024 - 13:56:19"}
{"level":"warning","message":"Warn logger test"}
{"level":"error","message":"Error logger test"}
{"level":"fatal","message":"Fatal logger test"}
{"level":"fatal","message":"GET en /loggertest - at 13/3/2024 - 13:57:29"}
{"level":"error","message":"GET en /loggertest - at 13/3/2024 - 13:57:29"}
{"level":"warning","message":"GET en /loggertest - at 13/3/2024 - 13:57:29"}
{"level":"warning","message":"Warn logger test"}
{"level":"error","message":"Error logger test"}
{"level":"fatal","message":"Fatal logger test"}
{"level":"fatal","message":"GET en /loggertest - at 13/3/2024 - 13:58:51"}
{"level":"error","message":"GET en /loggertest - at 13/3/2024 - 13:58:51"}
{"level":"warning","message":"GET en /loggertest - at 13/3/2024 - 13:58:51"}
{"level":"warning","message":"Warn logger test"}
{"level":"error","message":"Error logger test"}
{"level":"fatal","message":"Fatal logger test"}
{"level":"fatal","message":"GET en /loggertest - at 13/3/2024 - 13:59:10"}
{"level":"error","message":"GET en /loggertest - at 13/3/2024 - 13:59:10"}
{"level":"warning","message":"GET en /loggertest - at 13/3/2024 - 13:59:10"}
{"level":"warning","message":"Warn logger test"}
{"level":"error","message":"Error logger test"}
{"level":"fatal","message":"Fatal logger test"}
{"level":"warning","message":"Warn logger test"}
{"level":"error","message":"Error logger test"}
{"level":"fatal","message":"Fatal logger test"}
{"level":"warning","message":"Warn logger test"}
{"level":"error","message":"Error logger test"}
{"level":"fatal","message":"Fatal logger test"}
{"level":"warning","message":"Warn logger test"}
{"level":"error","message":"Error logger test"}
{"level":"fatal","message":"Fatal logger test"}
